2015-11-03 16:27:38 - PHP Warning:  array_merge(): Argument #1 is not an array in D:\xampp\htdocs\projects\bristoljewelers\admin\controller\module\vqmod_manager.php on line 50
2015-11-03 16:27:38 - PHP Notice:  Indirect modification of overloaded property ControllerModuleVQModManager::$data has no effect in D:\xampp\htdocs\projects\bristoljewelers\admin\controller\module\vqmod_manager.php on line 56
2015-11-03 16:27:38 - PHP Notice:  Indirect modification of overloaded property ControllerModuleVQModManager::$data has no effect in D:\xampp\htdocs\projects\bristoljewelers\admin\controller\module\vqmod_manager.php on line 61
2015-11-03 16:27:38 - PHP Notice:  Indirect modification of overloaded property ControllerModuleVQModManager::$data has no effect in D:\xampp\htdocs\projects\bristoljewelers\admin\controller\module\vqmod_manager.php on line 74
2015-11-03 16:27:38 - PHP Notice:  Indirect modification of overloaded property ControllerModuleVQModManager::$data has no effect in D:\xampp\htdocs\projects\bristoljewelers\admin\controller\module\vqmod_manager.php on line 83
2015-11-03 16:27:38 - PHP Notice:  Indirect modification of overloaded property ControllerModuleVQModManager::$data has no effect in D:\xampp\htdocs\projects\bristoljewelers\admin\controller\module\vqmod_manager.php on line 87
2015-11-03 16:27:38 - PHP Notice:  Indirect modification of overloaded property ControllerModuleVQModManager::$data has no effect in D:\xampp\htdocs\projects\bristoljewelers\admin\controller\module\vqmod_manager.php on line 89
2015-11-03 16:27:38 - PHP Notice:  Indirect modification of overloaded property ControllerModuleVQModManager::$data has no effect in D:\xampp\htdocs\projects\bristoljewelers\admin\controller\module\vqmod_manager.php on line 95
2015-11-03 16:27:38 - PHP Notice:  Indirect modification of overloaded property ControllerModuleVQModManager::$data has no effect in D:\xampp\htdocs\projects\bristoljewelers\admin\controller\module\vqmod_manager.php on line 101
2015-11-03 16:27:38 - PHP Notice:  Indirect modification of overloaded property ControllerModuleVQModManager::$data has no effect in D:\xampp\htdocs\projects\bristoljewelers\admin\controller\module\vqmod_manager.php on line 108
2015-11-03 16:27:38 - PHP Notice:  Indirect modification of overloaded property ControllerModuleVQModManager::$data has no effect in D:\xampp\htdocs\projects\bristoljewelers\admin\controller\module\vqmod_manager.php on line 109
2015-11-03 16:27:38 - PHP Notice:  Indirect modification of overloaded property ControllerModuleVQModManager::$data has no effect in D:\xampp\htdocs\projects\bristoljewelers\admin\controller\module\vqmod_manager.php on line 110
2015-11-03 16:27:38 - PHP Notice:  Indirect modification of overloaded property ControllerModuleVQModManager::$data has no effect in D:\xampp\htdocs\projects\bristoljewelers\admin\controller\module\vqmod_manager.php on line 111
2015-11-03 16:27:38 - PHP Notice:  Indirect modification of overloaded property ControllerModuleVQModManager::$data has no effect in D:\xampp\htdocs\projects\bristoljewelers\admin\controller\module\vqmod_manager.php on line 112
2015-11-03 16:27:38 - PHP Notice:  Indirect modification of overloaded property ControllerModuleVQModManager::$data has no effect in D:\xampp\htdocs\projects\bristoljewelers\admin\controller\module\vqmod_manager.php on line 113
2015-11-03 16:27:38 - PHP Notice:  Indirect modification of overloaded property ControllerModuleVQModManager::$data has no effect in D:\xampp\htdocs\projects\bristoljewelers\admin\controller\module\vqmod_manager.php on line 114
2015-11-03 16:27:38 - PHP Notice:  Indirect modification of overloaded property ControllerModuleVQModManager::$data has no effect in D:\xampp\htdocs\projects\bristoljewelers\admin\controller\module\vqmod_manager.php on line 118
2015-11-03 16:27:38 - PHP Notice:  Indirect modification of overloaded property ControllerModuleVQModManager::$data has no effect in D:\xampp\htdocs\projects\bristoljewelers\admin\controller\module\vqmod_manager.php on line 126
2015-11-03 16:27:38 - PHP Notice:  Indirect modification of overloaded property ControllerModuleVQModManager::$data has no effect in D:\xampp\htdocs\projects\bristoljewelers\admin\controller\module\vqmod_manager.php on line 162
2015-11-03 16:27:38 - PHP Notice:  Indirect modification of overloaded property ControllerModuleVQModManager::$data has no effect in D:\xampp\htdocs\projects\bristoljewelers\admin\controller\module\vqmod_manager.php on line 162
2015-11-03 16:27:38 - PHP Notice:  Indirect modification of overloaded property ControllerModuleVQModManager::$data has no effect in D:\xampp\htdocs\projects\bristoljewelers\admin\controller\module\vqmod_manager.php on line 177
2015-11-03 16:27:38 - PHP Notice:  Indirect modification of overloaded property ControllerModuleVQModManager::$data has no effect in D:\xampp\htdocs\projects\bristoljewelers\admin\controller\module\vqmod_manager.php on line 180
2015-11-03 16:27:38 - PHP Notice:  Indirect modification of overloaded property ControllerModuleVQModManager::$data has no effect in D:\xampp\htdocs\projects\bristoljewelers\admin\controller\module\vqmod_manager.php on line 184
2015-11-03 16:27:38 - PHP Notice:  Indirect modification of overloaded property ControllerModuleVQModManager::$data has no effect in D:\xampp\htdocs\projects\bristoljewelers\admin\controller\module\vqmod_manager.php on line 202
2015-11-03 16:27:39 - PHP Notice:  Undefined index: log in D:\xampp\htdocs\projects\bristoljewelers\admin\controller\module\vqmod_manager.php on line 202
2015-11-03 16:27:39 - PHP Notice:  Indirect modification of overloaded property ControllerModuleVQModManager::$data has no effect in D:\xampp\htdocs\projects\bristoljewelers\admin\controller\module\vqmod_manager.php on line 203
2015-11-03 16:27:39 - PHP Notice:  Undefined index: log in D:\xampp\htdocs\projects\bristoljewelers\admin\controller\module\vqmod_manager.php on line 203
2015-11-03 16:27:39 - PHP Notice:  Indirect modification of overloaded property ControllerModuleVQModManager::$data has no effect in D:\xampp\htdocs\projects\bristoljewelers\admin\controller\module\vqmod_manager.php on line 226
2015-11-03 16:27:39 - PHP Notice:  Indirect modification of overloaded property ControllerModuleVQModManager::$data has no effect in D:\xampp\htdocs\projects\bristoljewelers\admin\controller\module\vqmod_manager.php on line 234
2015-11-03 16:27:39 - PHP Notice:  Indirect modification of overloaded property ControllerModuleVQModManager::$data has no effect in D:\xampp\htdocs\projects\bristoljewelers\admin\controller\module\vqmod_manager.php on line 247
2015-11-03 16:27:39 - PHP Notice:  Indirect modification of overloaded property ControllerModuleVQModManager::$data has no effect in D:\xampp\htdocs\projects\bristoljewelers\admin\controller\module\vqmod_manager.php on line 277
2015-11-03 16:32:45 - PHP Notice:  Undefined variable: data in D:\xampp\htdocs\projects\bristoljewelers\admin\controller\module\vqmod_manager.php on line 50
2015-11-03 16:32:45 - PHP Warning:  array_merge(): Argument #1 is not an array in D:\xampp\htdocs\projects\bristoljewelers\admin\controller\module\vqmod_manager.php on line 50
2015-11-03 16:36:12 - PHP Notice:  Undefined variable: data in D:\xampp\htdocs\projects\bristoljewelers\admin\controller\module\vqmod_manager.php on line 50
2015-11-03 16:36:12 - PHP Warning:  array_merge(): Argument #1 is not an array in D:\xampp\htdocs\projects\bristoljewelers\admin\controller\module\vqmod_manager.php on line 50
2015-11-03 16:36:12 - PHP Notice:  Undefined variable: heading_title in D:\xampp\htdocs\projects\bristoljewelers\admin\view\template\module\vqmod_manager.tpl on line 16
2015-11-03 16:36:12 - PHP Notice:  Undefined variable: heading_title in D:\xampp\htdocs\projects\bristoljewelers\admin\view\template\module\vqmod_manager.tpl on line 16
2015-11-03 16:36:12 - PHP Notice:  Undefined variable: button_cancel in D:\xampp\htdocs\projects\bristoljewelers\admin\view\template\module\vqmod_manager.tpl on line 17
2015-11-03 16:36:12 - PHP Notice:  Undefined variable: warning_vqmod_delete in D:\xampp\htdocs\projects\bristoljewelers\admin\view\template\module\vqmod_manager.tpl on line 152
2015-11-03 16:36:12 - PHP Notice:  Undefined variable: warning_required_uninstall in D:\xampp\htdocs\projects\bristoljewelers\admin\view\template\module\vqmod_manager.tpl on line 161
2015-11-03 16:36:12 - PHP Notice:  Undefined variable: warning_required_delete in D:\xampp\htdocs\projects\bristoljewelers\admin\view\template\module\vqmod_manager.tpl on line 170
2015-11-03 17:52:26 - PHP Notice:  Undefined variable: column_left in D:\xampp\htdocs\projects\bristoljewelers\admin\view\template\module\vqmod_manager.tpl on line 2
2015-11-03 17:52:26 - PHP Notice:  Undefined variable: heading_description in D:\xampp\htdocs\projects\bristoljewelers\admin\view\template\module\vqmod_manager.tpl on line 29
2015-11-03 17:52:26 - PHP Notice:  Undefined variable: entry_attribution in D:\xampp\htdocs\projects\bristoljewelers\admin\view\template\module\vqmod_manager.tpl on line 175
2015-11-03 17:52:26 - PHP Notice:  Undefined variable: text_attribution in D:\xampp\htdocs\projects\bristoljewelers\admin\view\template\module\vqmod_manager.tpl on line 176
2015-11-03 17:53:14 - PHP Notice:  Undefined variable: column_left in D:\xampp\htdocs\projects\bristoljewelers\admin\view\template\module\vqmod_manager.tpl on line 2
2015-11-03 17:53:14 - PHP Notice:  Undefined variable: heading_description in D:\xampp\htdocs\projects\bristoljewelers\admin\view\template\module\vqmod_manager.tpl on line 29
2015-11-03 17:53:14 - PHP Notice:  Undefined variable: entry_attribution in D:\xampp\htdocs\projects\bristoljewelers\admin\view\template\module\vqmod_manager.tpl on line 175
2015-11-03 17:53:14 - PHP Notice:  Undefined variable: text_attribution in D:\xampp\htdocs\projects\bristoljewelers\admin\view\template\module\vqmod_manager.tpl on line 176
